[INFO] Sistema Operativo - Windows 10
[INFO] Creacion de nuevo log en C:\Users\Alberto\OneDrive\Documentos\GitHub\PatronesSoftware\LABORATORIO\ElReyDelPc\dist/logs/log2021-02-05/[14ии38ии19]log.log
[INFO] Vista Login - evento iniciarSesion
[INFO] TIPO USUARIO: Cliente
[INFO] Usuario  Cliente{Nombre=Pedro, Apellido=Apellido1, Email=email2@email.com, Direccion=Direccion1, Telefono=621424230, Password=pass1, ID_Tienda=0, Tarjeta=tarjeta1}
[ERROR] Error en calcular el precio java.lang.NullPointerException
[ERROR] Error en calcular el precio java.lang.NullPointerException
[ERROR] Error en calcular el precio java.lang.NullPointerException
[ERROR] Error en calcular el precio java.lang.NullPointerException
[ERROR] Error en calcular el precio java.lang.NullPointerException
[ERROR] Error en calcular el precio java.lang.NullPointerException
[ERROR] Error en calcular el precio java.lang.NullPointerException
[ERROR] Error en calcular el precio java.lang.NullPointerException
[ERROR] Error en calcular el precio java.lang.NullPointerException
[ERROR] Error en calcular el precio java.lang.NullPointerException
[ERROR] Error en calcular el precio java.lang.NullPointerException
[ERROR] Error en calcular el precio java.lang.NullPointerException
[ERROR] Error en calcular el precio java.lang.NullPointerException
[ERROR] Error en calcular el precio java.lang.NullPointerException
[ERROR] Error en calcular el precio java.lang.NullPointerException
[ERROR] Error en calcular el precio java.lang.NullPointerException
[ERROR] Error en calcular el precio java.lang.NullPointerException
[ERROR] Error en calcular el precio java.lang.NullPointerException
[ERROR] Error en calcular el precio java.lang.NullPointerException
